info it worked if it ends with ok
verbose cli [ 'node', '/usr/local/bin/npm', 'install', 'mongojs' ]
info using npm@1.1.0-beta-4
info using node@v0.6.6
verbose config file /var/root/.npmrc
verbose config file /usr/local/etc/npmrc
verbose config file /usr/local/lib/node_modules/npm/npmrc
verbose caching /Users/jamestaylor/development/ditaylor/nodejs/package.json
verbose loadDefaults OpenShift-Sample-App@1.0.0
verbose from cache /Users/jamestaylor/development/ditaylor/nodejs/package.json
verbose into /Users/jamestaylor/development/ditaylor/nodejs [ 'mongojs' ]
verbose cache add mongojs
verbose cache add [ 'mongojs', null ]
silly cache add: name, spec, args [ undefined, 'mongojs', [ 'mongojs', null ] ]
verbose parsed url { pathname: 'mongojs', path: 'mongojs', href: 'mongojs' }
verbose addNamed [ 'mongojs', '' ]
verbose addNamed [ null, '' ]
silly name, range, hasData [ 'mongojs', '', false ]
verbose raw, before any munging mongojs
verbose url resolving [ 'https://registry.npmjs.org/', './mongojs' ]
verbose url resolved https://registry.npmjs.org/mongojs
http GET https://registry.npmjs.org/mongojs
silly get cb [ 304, undefined ]
ERR! Error: failed to fetch from registry: mongojs
ERR!     at /usr/local/lib/node_modules/npm/lib/utils/npm-registry-client/get.js:139:12
ERR!     at cb (/usr/local/lib/node_modules/npm/lib/utils/npm-registry-client/request.js:32:9)
ERR!     at Request._callback (/usr/local/lib/node_modules/npm/lib/utils/npm-registry-client/request.js:137:18)
ERR!     at Request.callback (/usr/local/lib/node_modules/npm/node_modules/request/main.js:104:22)
ERR!     at Request.<anonymous> (/usr/local/lib/node_modules/npm/node_modules/request/main.js:181:58)
ERR!     at Request.emit (events.js:88:20)
ERR!     at ClientRequest.<anonymous> (/usr/local/lib/node_modules/npm/node_modules/request/main.js:329:14)
ERR!     at ClientRequest.emit (events.js:67:17)
ERR!     at HTTPParser.onIncoming (http.js:1225:11)
ERR!     at HTTPParser.onHeadersComplete (http.js:102:31)
ERR! Report this *entire* log at:
ERR!     <http://github.com/isaacs/npm/issues>
ERR! or email it to:
ERR!     <npm-@googlegroups.com>
ERR! 
ERR! System Darwin 14.5.0
ERR! command "node" "/usr/local/bin/npm" "install" "mongojs"
ERR! cwd /Users/jamestaylor/development/ditaylor/nodejs
ERR! node -v v0.6.6
ERR! npm -v 1.1.0-beta-4
ERR! message failed to fetch from registry: mongojs
verbose exit [ 1, true ]
